
Clover Installer r5114 (dc419a5f0) (v1.1.2), 2020-04-22 12:29:00
macOS Version 10.15.4 (Build 19E287)
SELF = /Applications/Clover.app/Contents/MacOS/CloverDaemonNew
Backup made at:
/Users/dmnerd/Desktop/CloverBackUp/CT240BX200SSD1 Media/r5112_2020-04-22_12-28-56/EFI.
Target volume: /Volumes/EFI
BSD Name:      disk0s1
Filesystem:    FAT32
Is internal:   true
Is writable:   true

Installing/Updating Clover:
+ ../BOOT/BOOTX64.efi
+ ../CLOVER/CLOVERX64.efi

Installing/Updating drivers:
+ ../UEFI/DataHubDxe.efi
+ ../UEFI/FSInject.efi
+ ../UEFI/SMCHelper.efi
+ ../UEFI/ApfsDriverLoader.efi
+ ../UEFI/Ps2MouseDxe.efi
+ ../UEFI/UsbKbDxe.efi
+ ../UEFI/UsbMouseDxe.efi
+ ../UEFI/OsxAptioFix3Drv.efi
+ ../UEFI/PartitionDxe.efi

Installing/Updating tools:
+ ../tools/Shell64.efi
+ ../tools/bdmesg.efi
+ ../tools/Shell64U.efi
+ ../tools/Shell32.efi

Installing/Updating docs: