
Clover Installer r5119 (0f5da727e) (installer library v1.1.5), 2020-06-10 10:08:11
macOS Version 10.15.5 (Build 19F101)
SELF = /Applications/Clover.app/Contents/MacOS/CloverDaemonNew
Backup made at:
/Users/dmnerd/Desktop/CloverBackUp/CT240BX200SSD1 Media/r5118_2020-06-10_10-08-06/EFI.
Target volume: /Volumes/EFI
BSD Name:      disk1s1
Filesystem:    FAT32
Is internal:   true
Is writable:   true
Installation type: UEFI

/dev/disk0 (internal, physical):
   #:                       TYPE NAME                    SIZE       IDENTIFIER
   0:     FDisk_partition_scheme                        *250.1 GB   disk0
   1:               Windows_NTFS Rezervováno systémem    524.3 MB   disk0s1
   2:               Windows_NTFS                         226.1 GB   disk0s2
   3:                       0x27                         877.7 MB   disk0s3

/dev/disk1 (internal, physical):
   #:                       TYPE NAME                    SIZE       IDENTIFIER
   0:      GUID_partition_scheme                        *240.1 GB   disk1
   1:                        EFI EFI                     209.7 MB   disk1s1
   2:                 Apple_APFS Container disk3         239.8 GB   disk1s2

/dev/disk2 (internal, physical):
   #:                       TYPE NAME                    SIZE       IDENTIFIER
   0:      GUID_partition_scheme                        *1.0 TB     disk2
   1:       Microsoft Basic Data HDD                     1.0 TB     disk2s1

/dev/disk3 (synthesized):
   #:                       TYPE NAME                    SIZE       IDENTIFIER
   0:      APFS Container Scheme -                      +239.8 GB   disk3
                                 Physical Store disk1s2
   1:                APFS Volume MackintoshSSD - Data    39.7 GB    disk3s1
   2:                APFS Volume Preboot                 83.1 MB    disk3s2
   3:                APFS Volume Recovery                528.5 MB   disk3s3
   4:                APFS Volume VM                      3.2 GB     disk3s4
   5:                APFS Volume MackintoshSSD           11.1 GB    disk3s5

/dev/disk4 (internal, physical):
   #:                       TYPE NAME                    SIZE       IDENTIFIER
   0:      GUID_partition_scheme                        *1.0 TB     disk4
   1:                        EFI EFI                     209.7 MB   disk4s1
   2:                  Apple_HFS MAC HDD 1TB             999.9 GB   disk4s2




Installing/Updating Clover:
+ ../BOOT/BOOTX64.efi
+ ../CLOVER/CLOVERX64.efi

Installing/Updating drivers:
+ ../UEFI/DataHubDxe.efi
+ ../UEFI/FSInject.efi
+ ../UEFI/SMCHelper.efi
+ ../UEFI/ApfsDriverLoader.efi
+ ../UEFI/Ps2MouseDxe.efi
+ ../UEFI/UsbKbDxe.efi
+ ../UEFI/UsbMouseDxe.efi
+ ../UEFI/OsxAptioFix3Drv.efi
+ ../UEFI/PartitionDxe.efi

Installing/Updating tools:
+ ../tools/Shell64.efi
+ ../tools/bdmesg.efi
+ ../tools/Shell64U.efi
+ ../tools/Shell32.efi

Installing/Updating docs:
+ ../doc/UEFI boot with Clover.rtf
+ ../doc/boot1f32-install.sh
+ ../doc/HowToInstallOSX.txt
+ ../doc/HowToFixDsdt.txt
+ ../doc/bcfg.txt